Thu Sep 20 2018 15:37:25 GMT+0530 (India Standard Time): GET /
Thu Sep 20 2018 15:37:46 GMT+0530 (India Standard Time): GET /about
Thu Sep 20 2018 15:43:36 GMT+0530 (India Standard Time): GET /help.htmlThu Sep 20 2018 17:29:36 GMT+0530 (India Standard Time): GET /
Thu Sep 20 2018 17:29:37 GMT+0530 (India Standard Time): GET /favicon.ico
Thu Sep 20 2018 17:30:44 GMT+0530 (India Standard Time): GET /
Thu Sep 20 2018 17:48:22 GMT+0530 (India Standard Time): GET /
Fri Sep 21 2018 23:17:28 GMT+0530 (India Standard Time): GET /
Fri Sep 21 2018 23:17:31 GMT+0530 (India Standard Time): GET /favicon.ico
Fri Sep 21 2018 23:52:48 GMT+0530 (India Standard Time): GET /
Fri Sep 21 2018 23:52:48 GMT+0530 (India Standard Time): GET /favicon.ico
Sat Sep 22 2018 00:05:56 GMT+0530 (India Standard Time): GET /
Sat Sep 22 2018 00:05:59 GMT+0530 (India Standard Time): GET /projects
Sat Sep 22 2018 00:06:05 GMT+0530 (India Standard Time): GET /
Sat Sep 22 2018 00:06:07 GMT+0530 (India Standard Time): GET /about
Sat Sep 22 2018 00:10:05 GMT+0530 (India Standard Time): GET /about
Sat Sep 22 2018 00:10:07 GMT+0530 (India Standard Time): GET /projects
Sat Sep 22 2018 00:10:10 GMT+0530 (India Standard Time): GET /
Sat Sep 22 2018 00:10:11 GMT+0530 (India Standard Time): GET /about
Sat Sep 22 2018 00:10:12 GMT+0530 (India Standard Time): GET /projects
Sat Sep 22 2018 00:10:13 GMT+0530 (India Standard Time): GET /
Sat Sep 22 2018 00:10:14 GMT+0530 (India Standard Time): GET /about
Sat Sep 22 2018 00:10:14 GMT+0530 (India Standard Time): GET /projects
